{"C:\\laragon\\www\\teszteles_20250408\\react\\link.js": {"path":"C:\\laragon\\www\\teszteles_20250408\\react\\link.js","statementMap":{"0":{"start":{"line":3,"column":17},"end":{"line":6,"column":1}},"1":{"start":{"line":12,"column":32},"end":{"line":12,"column":42}},"2":{"start":{"line":14,"column":4},"end":{"line":28,"column":5}},"3":{"start":{"line":20,"column":16},"end":{"line":20,"column":41}},"4":{"start":{"line":23,"column":16},"end":{"line":23,"column":41}}},"fnMap":{"0":{"name":"Link","decl":{"start":{"line":8,"column":24},"end":{"line":8,"column":28}},"loc":{"start":{"line":11,"column":3},"end":{"line":29,"column":1}},"line":11},"1":{"name":"(anonymous_1)","decl":{"start":{"line":19,"column":26},"end":{"line":19,"column":27}},"loc":{"start":{"line":19,"column":32},"end":{"line":21,"column":13}},"line":19},"2":{"name":"(anonymous_2)","decl":{"start":{"line":22,"column":26},"end":{"line":22,"column":27}},"loc":{"start":{"line":22,"column":32},"end":{"line":24,"column":13}},"line":22}},"branchMap":{"0":{"loc":{"start":{"line":17,"column":18},"end":{"line":17,"column":29}},"type":"binary-expr","locations":[{"start":{"line":17,"column":18},"end":{"line":17,"column":22}},{"start":{"line":17,"column":26},"end":{"line":17,"column":29}}],"line":17}},"s":{"0":1,"1":2,"2":2,"3":1,"4":0},"f":{"0":2,"1":1,"2":0},"b":{"0":[2,0]},"_coverageSchema":"1a1c01bbd47fc00a2c39e90264f33305004495a9","hash":"ed13217e5c99eba5b4468378235214dc7e6d9a5a"}
}
