{"C:\\laragon\\www\\teszteles_20250408\\react\\input.js": {"path":"C:\\laragon\\www\\teszteles_20250408\\react\\input.js","statementMap":{"0":{"start":{"line":4,"column":30},"end":{"line":4,"column":42}},"1":{"start":{"line":5,"column":28},"end":{"line":5,"column":40}},"2":{"start":{"line":6,"column":4},"end":{"line":20,"column":5}},"3":{"start":{"line":8,"column":87},"end":{"line":8,"column":115}},"4":{"start":{"line":10,"column":20},"end":{"line":10,"column":34}}},"fnMap":{"0":{"name":"input","decl":{"start":{"line":3,"column":24},"end":{"line":3,"column":29}},"loc":{"start":{"line":3,"column":32},"end":{"line":21,"column":1}},"line":3},"1":{"name":"(anonymous_1)","decl":{"start":{"line":8,"column":75},"end":{"line":8,"column":76}},"loc":{"start":{"line":8,"column":86},"end":{"line":8,"column":116}},"line":8},"2":{"name":"(anonymous_2)","decl":{"start":{"line":9,"column":50},"end":{"line":9,"column":51}},"loc":{"start":{"line":9,"column":56},"end":{"line":11,"column":17}},"line":9}},"branchMap":{"0":{"loc":{"start":{"line":16,"column":17},"end":{"line":16,"column":45}},"type":"binary-expr","locations":[{"start":{"line":16,"column":17},"end":{"line":16,"column":32}},{"start":{"line":16,"column":36},"end":{"line":16,"column":45}}],"line":16}},"s":{"0":6,"1":6,"2":6,"3":4,"4":1},"f":{"0":6,"1":4,"2":1},"b":{"0":[6,1]},"_coverageSchema":"1a1c01bbd47fc00a2c39e90264f33305004495a9","hash":"0ce2d6a9fb8a3b8f56fbc475890a068ec9a8b7fa"}
,"C:\\laragon\\www\\teszteles_20250408\\react\\link.js": {"path":"C:\\laragon\\www\\teszteles_20250408\\react\\link.js","statementMap":{"0":{"start":{"line":2,"column":17},"end":{"line":5,"column":1}},"1":{"start":{"line":11,"column":32},"end":{"line":11,"column":42}},"2":{"start":{"line":12,"column":4},"end":{"line":29,"column":5}},"3":{"start":{"line":18,"column":16},"end":{"line":18,"column":41}},"4":{"start":{"line":22,"column":16},"end":{"line":22,"column":42}}},"fnMap":{"0":{"name":"Link","decl":{"start":{"line":7,"column":24},"end":{"line":7,"column":28}},"loc":{"start":{"line":10,"column":2},"end":{"line":30,"column":1}},"line":10},"1":{"name":"(anonymous_1)","decl":{"start":{"line":17,"column":26},"end":{"line":17,"column":27}},"loc":{"start":{"line":17,"column":32},"end":{"line":19,"column":13}},"line":17},"2":{"name":"(anonymous_2)","decl":{"start":{"line":21,"column":26},"end":{"line":21,"column":27}},"loc":{"start":{"line":21,"column":32},"end":{"line":23,"column":13}},"line":21}},"branchMap":{"0":{"loc":{"start":{"line":15,"column":18},"end":{"line":15,"column":29}},"type":"binary-expr","locations":[{"start":{"line":15,"column":18},"end":{"line":15,"column":22}},{"start":{"line":15,"column":26},"end":{"line":15,"column":29}}],"line":15}},"s":{"0":1,"1":4,"2":4,"3":1,"4":1},"f":{"0":4,"1":1,"2":1},"b":{"0":[4,1]},"_coverageSchema":"1a1c01bbd47fc00a2c39e90264f33305004495a9","hash":"0cbeeb51515e4cac5ed596e352b73ee36b1a14c6"}
}
