<?xml version="1.0" encoding="UTF-8"?>
<coverage generated="1744124384405" clover="3.2.0">
  <project timestamp="1744124384405" name="All files">
    <metrics statements="24" coveredstatements="24" conditionals="11" coveredconditionals="11" methods="10" coveredmethods="10" elements="45" coveredelements="45" complexity="0" loc="24" ncloc="24" packages="1" files="1" classes="1"/>
    <file name="app.js" path="C:\laragon\www\teszteles_20250408\app.js">
      <metrics statements="24" coveredstatements="24" conditionals="11" coveredconditionals="11" methods="10" coveredmethods="10"/>
      <line num="2" count="3" type="stmt"/>
      <line num="6" count="1" type="stmt"/>
      <line num="11" count="2" type="stmt"/>
      <line num="16" count="5" type="stmt"/>
      <line num="18" count="5" type="cond" truecount="2" falsecount="0"/>
      <line num="19" count="1" type="stmt"/>
      <line num="20" count="4" type="cond" truecount="2" falsecount="0"/>
      <line num="21" count="1" type="stmt"/>
      <line num="22" count="3" type="cond" truecount="2" falsecount="0"/>
      <line num="23" count="1" type="stmt"/>
      <line num="24" count="2" type="cond" truecount="2" falsecount="0"/>
      <line num="25" count="1" type="stmt"/>
      <line num="28" count="1" type="stmt"/>
      <line num="32" count="1" type="stmt"/>
      <line num="33" count="1" type="stmt"/>
      <line num="34" count="5" type="stmt"/>
      <line num="36" count="1" type="stmt"/>
      <line num="40" count="2" type="cond" truecount="2" falsecount="0"/>
      <line num="41" count="1" type="stmt"/>
      <line num="44" count="2" type="stmt"/>
      <line num="48" count="3" type="stmt"/>
      <line num="52" count="3" type="stmt"/>
      <line num="56" count="3" type="stmt"/>
      <line num="60" count="1" type="stmt"/>
    </file>
  </project>
</coverage>
