{"C:\\laragon\\www\\teszteles_20250408\\app.js": {"path":"C:\\laragon\\www\\teszteles_20250408\\app.js","statementMap":{"0":{"start":{"line":2,"column":4},"end":{"line":2,"column":17}},"1":{"start":{"line":6,"column":4},"end":{"line":6,"column":24}},"2":{"start":{"line":11,"column":4},"end":{"line":11,"column":30}},"3":{"start":{"line":16,"column":20},"end":{"line":16,"column":39}},"4":{"start":{"line":18,"column":4},"end":{"line":26,"column":5}},"5":{"start":{"line":19,"column":8},"end":{"line":19,"column":16}},"6":{"start":{"line":20,"column":11},"end":{"line":26,"column":5}},"7":{"start":{"line":21,"column":8},"end":{"line":21,"column":16}},"8":{"start":{"line":22,"column":11},"end":{"line":26,"column":5}},"9":{"start":{"line":23,"column":8},"end":{"line":23,"column":16}},"10":{"start":{"line":24,"column":11},"end":{"line":26,"column":5}},"11":{"start":{"line":25,"column":8},"end":{"line":25,"column":16}},"12":{"start":{"line":28,"column":4},"end":{"line":28,"column":13}},"13":{"start":{"line":32,"column":16},"end":{"line":32,"column":20}},"14":{"start":{"line":33,"column":4},"end":{"line":35,"column":5}},"15":{"start":{"line":33,"column":17},"end":{"line":33,"column":18}},"16":{"start":{"line":34,"column":8},"end":{"line":34,"column":21}},"17":{"start":{"line":36,"column":4},"end":{"line":36,"column":17}},"18":{"start":{"line":40,"column":4},"end":{"line":42,"column":5}},"19":{"start":{"line":41,"column":8},"end":{"line":41,"column":23}},"20":{"start":{"line":44,"column":4},"end":{"line":44,"column":16}},"21":{"start":{"line":48,"column":4},"end":{"line":48,"column":21}},"22":{"start":{"line":52,"column":4},"end":{"line":52,"column":55}},"23":{"start":{"line":52,"column":28},"end":{"line":52,"column":54}},"24":{"start":{"line":56,"column":4},"end":{"line":56,"column":41}},"25":{"start":{"line":60,"column":0},"end":{"line":70,"column":2}}},"fnMap":{"0":{"name":"sum","decl":{"start":{"line":1,"column":9},"end":{"line":1,"column":12}},"loc":{"start":{"line":1,"column":19},"end":{"line":3,"column":1}},"line":1},"1":{"name":"osszefuz","decl":{"start":{"line":5,"column":9},"end":{"line":5,"column":17}},"loc":{"start":{"line":5,"column":24},"end":{"line":7,"column":1}},"line":5},"2":{"name":"arrayContains","decl":{"start":{"line":10,"column":9},"end":{"line":10,"column":22}},"loc":{"start":{"line":10,"column":35},"end":{"line":12,"column":1}},"line":10},"3":{"name":"getGrade","decl":{"start":{"line":15,"column":9},"end":{"line":15,"column":17}},"loc":{"start":{"line":15,"column":32},"end":{"line":29,"column":1}},"line":15},"4":{"name":"addXTimes","decl":{"start":{"line":31,"column":9},"end":{"line":31,"column":18}},"loc":{"start":{"line":31,"column":37},"end":{"line":37,"column":1}},"line":31},"5":{"name":"addArrayElement","decl":{"start":{"line":39,"column":9},"end":{"line":39,"column":24}},"loc":{"start":{"line":39,"column":37},"end":{"line":45,"column":1}},"line":39},"6":{"name":"convertItemsToString","decl":{"start":{"line":47,"column":9},"end":{"line":47,"column":29}},"loc":{"start":{"line":47,"column":36},"end":{"line":49,"column":1}},"line":47},"7":{"name":"mapArrayElements","decl":{"start":{"line":51,"column":9},"end":{"line":51,"column":25}},"loc":{"start":{"line":51,"column":32},"end":{"line":53,"column":1}},"line":51},"8":{"name":"(anonymous_8)","decl":{"start":{"line":52,"column":20},"end":{"line":52,"column":21}},"loc":{"start":{"line":52,"column":28},"end":{"line":52,"column":54}},"line":52},"9":{"name":"getRandomByChance","decl":{"start":{"line":55,"column":9},"end":{"line":55,"column":26}},"loc":{"start":{"line":55,"column":40},"end":{"line":58,"column":1}},"line":55}},"branchMap":{"0":{"loc":{"start":{"line":18,"column":4},"end":{"line":26,"column":5}},"type":"if","locations":[{"start":{"line":18,"column":4},"end":{"line":26,"column":5}},{"start":{"line":20,"column":11},"end":{"line":26,"column":5}}],"line":18},"1":{"loc":{"start":{"line":20,"column":11},"end":{"line":26,"column":5}},"type":"if","locations":[{"start":{"line":20,"column":11},"end":{"line":26,"column":5}},{"start":{"line":22,"column":11},"end":{"line":26,"column":5}}],"line":20},"2":{"loc":{"start":{"line":22,"column":11},"end":{"line":26,"column":5}},"type":"if","locations":[{"start":{"line":22,"column":11},"end":{"line":26,"column":5}},{"start":{"line":24,"column":11},"end":{"line":26,"column":5}}],"line":22},"3":{"loc":{"start":{"line":24,"column":11},"end":{"line":26,"column":5}},"type":"if","locations":[{"start":{"line":24,"column":11},"end":{"line":26,"column":5}},{"start":{},"end":{}}],"line":24},"4":{"loc":{"start":{"line":40,"column":4},"end":{"line":42,"column":5}},"type":"if","locations":[{"start":{"line":40,"column":4},"end":{"line":42,"column":5}},{"start":{},"end":{}}],"line":40},"5":{"loc":{"start":{"line":55,"column":27},"end":{"line":55,"column":38}},"type":"default-arg","locations":[{"start":{"line":55,"column":36},"end":{"line":55,"column":38}}],"line":55}},"s":{"0":3,"1":1,"2":2,"3":5,"4":5,"5":1,"6":4,"7":1,"8":3,"9":1,"10":2,"11":1,"12":1,"13":1,"14":1,"15":1,"16":5,"17":1,"18":2,"19":1,"20":2,"21":3,"22":1,"23":3,"24":3,"25":1},"f":{"0":3,"1":1,"2":2,"3":5,"4":1,"5":2,"6":3,"7":1,"8":3,"9":3},"b":{"0":[1,4],"1":[1,3],"2":[1,2],"3":[1,1],"4":[1,1],"5":[1]},"_coverageSchema":"1a1c01bbd47fc00a2c39e90264f33305004495a9","hash":"1ca4f695ab0b807081d5f02c05e7954f4abfd0e0"}
}
