TN:
SF:app.js
FN:1,sum
FN:5,osszefuz
FN:10,arrayContains
FN:15,getGrade
FN:31,addXTimes
FN:39,addArrayElement
FN:47,convertItemsToString
FN:51,mapArrayElements
FN:52,(anonymous_8)
FN:55,getRandomByChance
FNF:10
FNH:10
FNDA:3,sum
FNDA:1,osszefuz
FNDA:2,arrayContains
FNDA:5,getGrade
FNDA:1,addXTimes
FNDA:2,addArrayElement
FNDA:3,convertItemsToString
FNDA:1,mapArrayElements
FNDA:3,(anonymous_8)
FNDA:3,getRandomByChance
DA:2,3
DA:6,1
DA:11,2
DA:16,5
DA:18,5
DA:19,1
DA:20,4
DA:21,1
DA:22,3
DA:23,1
DA:24,2
DA:25,1
DA:28,1
DA:32,1
DA:33,1
DA:34,5
DA:36,1
DA:40,2
DA:41,1
DA:44,2
DA:48,3
DA:52,3
DA:56,3
DA:60,1
LF:24
LH:24
BRDA:18,0,0,1
BRDA:18,0,1,4
BRDA:20,1,0,1
BRDA:20,1,1,3
BRDA:22,2,0,1
BRDA:22,2,1,2
BRDA:24,3,0,1
BRDA:24,3,1,1
BRDA:40,4,0,1
BRDA:40,4,1,1
BRDA:55,5,0,1
BRF:11
BRH:11
end_of_record
